2024-04-23 12:04:05,144 - INFO - Processing file 'a1.txt'...
2024-04-23 12:04:05,235 - INFO - Checking if file 'a1.txt' exists and needs updating...
2024-04-23 12:04:07,101 - INFO - File 'a1.txt' not found. Uploading new file...
2024-04-23 12:04:08,843 - INFO - New file 'a1.txt' created with ID 1TCdihwly16dpKWZiTFsPiYIsDeSwUQVp
2024-04-23 12:04:08,844 - INFO - Processing file 'a2.txt'...
2024-04-23 12:04:08,844 - INFO - Checking if file 'a2.txt' exists and needs updating...
2024-04-23 12:04:10,375 - INFO - File 'a2.txt' not found. Uploading new file...
2024-04-23 12:04:12,014 - INFO - New file 'a2.txt' created with ID 1heg6Nwa578F_5e90M8X9MkCH88JX05Rh
2024-04-23 12:04:12,015 - INFO - Backup process completed.
2024-04-23 13:26:01,331 - INFO - Processing file 'a1.txt'...
2024-04-23 13:26:01,384 - INFO - Checking if file 'a1.txt' exists and needs updating...
2024-04-23 13:26:03,382 - INFO - File 'a1.txt' is up-to-date. No update needed.
2024-04-23 13:26:03,382 - INFO - Processing file 'a2.txt'...
2024-04-23 13:26:03,382 - INFO - Checking if file 'a2.txt' exists and needs updating...
2024-04-23 13:26:04,156 - INFO - File 'a2.txt' is up-to-date. No update needed.
2024-04-23 13:26:04,156 - INFO - Backup process completed.
2024-04-23 13:38:28,559 - INFO - Processing file 'a1.txt'...
2024-04-23 13:38:28,622 - INFO - Checking if file 'a1.txt' exists and needs updating...
2024-04-23 13:38:30,382 - INFO - File 'a1.txt' is up-to-date. No update needed.
2024-04-23 13:38:30,382 - INFO - Processing file 'a2.txt'...
2024-04-23 13:38:30,382 - INFO - Checking if file 'a2.txt' exists and needs updating...
2024-04-23 13:38:30,955 - INFO - File 'a2.txt' is up-to-date. No update needed.
2024-04-23 13:38:30,955 - INFO - Backup process completed.
2024-04-23 13:39:47,084 - INFO - Processing file 'a1.txt'...
2024-04-23 13:39:47,127 - INFO - Checking if file 'a1.txt' exists and needs updating...
2024-04-23 13:39:48,903 - INFO - File 'a1.txt' is up-to-date. No update needed.
2024-04-23 13:39:48,903 - INFO - Processing file 'a2.txt'...
2024-04-23 13:39:48,903 - INFO - Checking if file 'a2.txt' exists and needs updating...
2024-04-23 13:39:49,485 - INFO - File 'a2.txt' is up-to-date. No update needed.
2024-04-23 13:39:49,486 - INFO - Backup process completed.
2024-04-23 13:40:23,916 - INFO - Processing file 'a1.txt'...
2024-04-23 13:40:23,957 - INFO - Checking if file 'a1.txt' exists and needs updating...
2024-04-23 13:40:25,810 - INFO - File 'a1.txt' is up-to-date. No update needed.
2024-04-23 13:40:25,810 - INFO - Processing file 'a2.txt'...
2024-04-23 13:40:25,811 - INFO - Checking if file 'a2.txt' exists and needs updating...
2024-04-23 13:40:26,485 - INFO - File 'a2.txt' is up-to-date. No update needed.
2024-04-23 13:40:26,485 - INFO - Processing file 'a3.txt'...
2024-04-23 13:40:26,486 - INFO - Checking if file 'a3.txt' exists and needs updating...
2024-04-23 13:40:27,014 - INFO - File 'a3.txt' not found. Uploading new file...
2024-04-23 13:40:28,590 - INFO - New file 'a3.txt' created with ID 1nQ8n26QUH-zVKOzycVkNdjYHuVBkTRKK
2024-04-23 13:40:28,590 - INFO - Backup process completed.
2024-04-23 14:17:51,565 - INFO - Processing file 'a1.txt'...
2024-04-23 14:17:51,603 - INFO - Checking if file 'a1.txt' exists and needs updating...
2024-04-23 14:17:53,578 - INFO - File 'a1.txt' not found. Uploading new file...
2024-04-23 14:17:55,222 - INFO - New file 'a1.txt' created with ID 16KwDYrLZSxCbLDa3e-FcU4q3xcU5Umbg
2024-04-23 14:17:55,222 - INFO - Processing file 'a2.txt'...
2024-04-23 14:17:55,222 - INFO - Checking if file 'a2.txt' exists and needs updating...
2024-04-23 14:17:55,772 - INFO - File 'a2.txt' not found. Uploading new file...
2024-04-23 14:17:57,245 - INFO - New file 'a2.txt' created with ID 1-FmNT3Q-OUNtln5MPi2XemjVqwKzwgiF
2024-04-23 14:17:57,245 - INFO - Processing file 'a3.txt'...
2024-04-23 14:17:57,245 - INFO - Checking if file 'a3.txt' exists and needs updating...
2024-04-23 14:17:58,003 - INFO - File 'a3.txt' has been modified. Updating...
2024-04-23 14:17:58,003 - INFO - Deleting older File 'a3.txt'...
2024-04-23 14:18:00,614 - INFO - New file 'a3.txt' created with ID 1LER1S2ZXwV8Shp4AtHF9oBy96juIIw-j
2024-04-23 14:18:00,615 - INFO - File 'a3.txt' updated.
2024-04-23 14:18:00,615 - INFO - Backup process completed.
2024-04-23 14:23:14,542 - INFO - Processing file 'a1.txt'...
2024-04-23 14:23:14,595 - INFO - Checking if file 'a1.txt' exists and needs updating...
2024-04-23 14:23:17,187 - INFO - File 'a1.txt' not found. Uploading new file...
2024-04-23 14:23:18,631 - INFO - New file 'a1.txt' created with ID 1DxgSUuWirnWJP6Om1ISFK3k_jQZtwDUp
2024-04-23 14:23:18,631 - INFO - Processing file 'a2.txt'...
2024-04-23 14:23:18,632 - INFO - Checking if file 'a2.txt' exists and needs updating...
2024-04-23 14:23:19,156 - INFO - File 'a2.txt' not found. Uploading new file...
2024-04-23 14:23:20,648 - INFO - New file 'a2.txt' created with ID 1PgkWXZRHydolSJK5caIEBcJSjKtlMoN7
2024-04-23 14:23:20,648 - INFO - Processing file 'a3.txt'...
2024-04-23 14:23:20,649 - INFO - Checking if file 'a3.txt' exists and needs updating...
2024-04-23 14:23:21,192 - INFO - File 'a3.txt' not found. Uploading new file...
2024-04-23 14:23:22,697 - INFO - New file 'a3.txt' created with ID 1KtyRMBC5OlfRmjlXf5Hz_p1kFJHjux2d
2024-04-23 14:23:22,697 - INFO - Backup process completed.
2024-04-23 14:24:15,276 - INFO - Processing file 'a1.txt'...
2024-04-23 14:24:15,323 - INFO - Checking if file 'a1.txt' exists and needs updating...
2024-04-23 14:24:17,827 - INFO - File 'a1.txt' not found. Uploading new file...
2024-04-23 14:24:19,449 - INFO - New file 'a1.txt' created with ID 14ITeNRJzXGyjP2-iQ1IosewRi4vAOaGx
2024-04-23 14:24:19,449 - INFO - Processing file 'a2.txt'...
2024-04-23 14:24:19,450 - INFO - Checking if file 'a2.txt' exists and needs updating...
2024-04-23 14:24:20,036 - INFO - File 'a2.txt' not found. Uploading new file...
2024-04-23 14:24:21,576 - INFO - New file 'a2.txt' created with ID 1sTAm_5vGT48rbHTl_hZhs9jCB9nPCCYH
2024-04-23 14:24:21,576 - INFO - Processing file 'a3.txt'...
2024-04-23 14:24:21,577 - INFO - Checking if file 'a3.txt' exists and needs updating...
2024-04-23 14:24:22,288 - INFO - File 'a3.txt' not found. Uploading new file...
2024-04-23 14:24:23,824 - INFO - New file 'a3.txt' created with ID 1HtXOo3UzIC6VC8CVJ01O2xF3zNsAjwD6
2024-04-23 14:24:23,824 - INFO - Backup process completed.
2024-04-23 14:24:58,518 - INFO - Processing file 'a1.txt'...
2024-04-23 14:24:58,565 - INFO - Checking if file 'a1.txt' exists and needs updating...
2024-04-23 14:25:00,869 - INFO - File 'a1.txt' not found. Uploading new file...
2024-04-23 14:25:02,636 - INFO - New file 'a1.txt' created with ID 1Rvq9zmimN-e7aUZ1TX_SoeQDGauyF45c
2024-04-23 14:25:02,637 - INFO - Processing file 'a2.txt'...
2024-04-23 14:25:02,637 - INFO - Checking if file 'a2.txt' exists and needs updating...
2024-04-23 14:25:03,418 - INFO - File 'a2.txt' not found. Uploading new file...
2024-04-23 14:25:05,418 - INFO - New file 'a2.txt' created with ID 1asMPtU1eb-Jb04byNM_IeYwpB4ICEKG_
2024-04-23 14:25:05,418 - INFO - Processing file 'a3.txt'...
2024-04-23 14:25:05,418 - INFO - Checking if file 'a3.txt' exists and needs updating...
2024-04-23 14:25:06,248 - INFO - File 'a3.txt' not found. Uploading new file...
2024-04-23 14:25:08,069 - INFO - New file 'a3.txt' created with ID 1sC-el9FivIJ4p9fjnytvQO6NZAoZKr83
2024-04-23 14:25:08,069 - INFO - Backup process completed.
2024-04-23 14:38:52,570 - INFO - Processing file 'a1.txt'...
2024-04-23 14:38:52,628 - INFO - Checking if file 'a1.txt' exists and needs updating...
2024-04-23 14:38:56,771 - INFO - File 'a1.txt' is up-to-date. No update needed.
2024-04-23 14:38:56,771 - INFO - Processing file 'a2.txt'...
2024-04-23 14:38:56,772 - INFO - Checking if file 'a2.txt' exists and needs updating...
2024-04-23 14:38:57,482 - INFO - File 'a2.txt' is up-to-date. No update needed.
2024-04-23 14:38:57,482 - INFO - Processing file 'a3.txt'...
2024-04-23 14:38:57,483 - INFO - Checking if file 'a3.txt' exists and needs updating...
2024-04-23 14:38:58,412 - INFO - File 'a3.txt' has been modified. Updating...
2024-04-23 14:38:58,412 - INFO - Deleting older File 'a3.txt'...
2024-04-23 14:39:01,710 - INFO - New file 'a3.txt' created with ID 1mmSu2hIzAhOP0YhUadzFhy4nLQwVi2nz
2024-04-23 14:39:01,710 - INFO - File 'a3.txt' updated.
2024-04-23 14:39:01,710 - INFO - Processing file 'requirements.txt'...
2024-04-23 14:39:01,710 - INFO - Checking if file 'requirements.txt' exists and needs updating...
2024-04-23 14:39:02,419 - INFO - File 'requirements.txt' not found. Uploading new file...
2024-04-23 14:39:05,538 - INFO - New file 'requirements.txt' created with ID 1S4c7Lun2pqxxnD7vIRGn96Va95BixMz5
2024-04-23 14:39:05,538 - INFO - Backup process completed.
2024-04-23 14:40:05,570 - INFO - Processing file 'a1.txt'...
2024-04-23 14:40:05,570 - INFO - Checking if file 'a1.txt' exists and needs updating...
2024-04-24 08:45:15,962 - INFO - Processing file 'a1.txt'...
2024-04-24 08:45:16,044 - INFO - Checking if file 'a1.txt' exists and needs updating...
2024-04-24 08:45:17,776 - INFO - File 'a1.txt' not found. Uploading new file...
2024-04-24 08:45:19,480 - INFO - New file 'a1.txt' created with ID 1bZD0aEBuDz8cJ0pFBNwTo7WpUz424T6R
2024-04-24 08:45:19,480 - INFO - Processing file 'a2.txt'...
2024-04-24 08:45:19,481 - INFO - Checking if file 'a2.txt' exists and needs updating...
2024-04-24 08:45:20,004 - INFO - File 'a2.txt' not found. Uploading new file...
2024-04-24 08:45:21,620 - INFO - New file 'a2.txt' created with ID 1JTKvu8jJtt1xYG0cskhJ_sSwij0yR4Ik
2024-04-24 08:45:21,620 - INFO - Processing file 'a3.txt'...
2024-04-24 08:45:21,620 - INFO - Checking if file 'a3.txt' exists and needs updating...
2024-04-24 08:45:22,170 - INFO - File 'a3.txt' not found. Uploading new file...
2024-04-24 08:45:23,932 - INFO - New file 'a3.txt' created with ID 1ZtQpD_Itus9HYgPDyu-pW4-muorupqyk
2024-04-24 08:45:23,932 - INFO - Backup process completed.
2024-04-24 08:46:14,253 - INFO - Processing file 'a1.txt'...
2024-04-24 08:46:14,287 - INFO - Checking if file 'a1.txt' exists and needs updating...
2024-04-24 08:46:15,774 - INFO - File 'a1.txt' not found. Uploading new file...
2024-04-24 08:46:17,297 - INFO - New file 'a1.txt' created with ID 1oFFlwDm77Gg3sUlPIjdWRj84lMcWsArh
2024-04-24 08:46:17,297 - INFO - Processing file 'a2.txt'...
2024-04-24 08:46:17,297 - INFO - Checking if file 'a2.txt' exists and needs updating...
2024-04-24 08:46:17,804 - INFO - File 'a2.txt' not found. Uploading new file...
2024-04-24 08:46:19,514 - INFO - New file 'a2.txt' created with ID 19CY9AHxWoWHsb11uSoaJgo1wobUzm3Yz
2024-04-24 08:46:19,514 - INFO - Processing file 'a3.txt'...
2024-04-24 08:46:19,514 - INFO - Checking if file 'a3.txt' exists and needs updating...
2024-04-24 08:46:19,997 - INFO - File 'a3.txt' not found. Uploading new file...
2024-04-24 08:46:21,691 - INFO - New file 'a3.txt' created with ID 1vjCEHWC9eIjwKW7X71P_nSLjLDW9w9NW
2024-04-24 08:46:21,691 - INFO - Backup process completed.
